<?xml version="1.0" encoding="UTF-8"?>
<!-- Generated by org.testng.reporters.JUnitReportReporter -->
<testsuite hostname="LAPTOP-9DUFE633" failures="0" tests="1" name="MagentoTestingBoard.Search_Tops" time="12.977" errors="0" timestamp="2024-07-28T20:44:34 IST" skipped="0">
  <testcase classname="MagentoTestingBoard.Search_Tops" name="testSearchSpecificTop" time="12.977"/>
  <system-out/>
</testsuite> <!-- MagentoTestingBoard.Search_Tops -->
