<?xml version="1.0" encoding="UTF-8"?>
<!-- Generated by org.testng.reporters.JUnitReportReporter -->
<testsuite hostname="LAPTOP-9DUFE633" failures="0" tests="1" name="MagentoTestingBoard.SelProject" time="7.319" errors="0" timestamp="2024-07-22T23:51:16 IST" skipped="0">
  <testcase classname="MagentoTestingBoard.SelProject" name="SampleAutomationScript" time="7.319"/>
</testsuite> <!-- MagentoTestingBoard.SelProject -->
