<?xml version="1.0" encoding="UTF-8"?>
<!-- Generated by org.testng.reporters.JUnitReportReporter -->
<testsuite hostname="LAPTOP-9DUFE633" failures="0" tests="2" name="MagentoTestingBoard.Delete_CartItems" time="40.807" errors="0" timestamp="2024-07-28T21:57:36 IST" skipped="0">
  <testcase classname="MagentoTestingBoard.Delete_CartItems" name="testAddHeroHoodieToCart" time="0.006"/>
  <system-out/>
  <testcase classname="MagentoTestingBoard.Delete_CartItems" name="testDeleteItemFromCart" time="40.801"/>
  <system-out/>
</testsuite> <!-- MagentoTestingBoard.Delete_CartItems -->
