<?xml version="1.0" encoding="UTF-8"?>
<!-- Generated by org.testng.reporters.JUnitReportReporter -->
<testsuite hostname="LAPTOP-9DUFE633" failures="0" tests="1" name="MagentoTestingBoard.Screenshot_Summit_Watch" time="17.701" errors="0" timestamp="2024-07-29T22:21:32 IST" skipped="0">
  <testcase classname="MagentoTestingBoard.Screenshot_Summit_Watch" name="testScreenshotSummitWatch" time="17.701"/>
  <system-out/>
</testsuite> <!-- MagentoTestingBoard.Screenshot_Summit_Watch -->
