<?xml version="1.0" encoding="UTF-8"?>
<!-- Generated by org.testng.reporters.JUnitReportReporter -->
<testsuite hostname="LAPTOP-9DUFE633" failures="0" tests="1" name="MagentoTestingBoard.Verify_Logo_Display" time="7.118" errors="0" timestamp="2024-07-29T22:10:48 IST" skipped="0">
  <testcase classname="MagentoTestingBoard.Verify_Logo_Display" name="testLogoDisplay" time="7.118"/>
  <system-out/>
</testsuite> <!-- MagentoTestingBoard.Verify_Logo_Display -->
