<?xml version="1.0" encoding="UTF-8"?>
<!-- Generated by org.testng.reporters.JUnitReportReporter -->
<testsuite hostname="LAPTOP-9DUFE633" failures="0" tests="1" name="MagentoTestingBoard.Verify_WhatsNew_Page_Title" time="25.677" errors="0" timestamp="2024-07-29T21:59:27 IST" skipped="0">
  <testcase classname="MagentoTestingBoard.Verify_WhatsNew_Page_Title" name="testWhatsNewPageTitle" time="25.677"/>
  <system-out/>
</testsuite> <!-- MagentoTestingBoard.Verify_WhatsNew_Page_Title -->
