<?xml version="1.0" encoding="UTF-8"?>
<!-- Generated by org.testng.reporters.JUnitReportReporter -->
<testsuite hostname="LAPTOP-9DUFE633" failures="1" tests="1" name="MagentoTestingBoard.Shopping_Options" time="18.703" errors="0" timestamp="2024-07-29T20:44:59 IST" skipped="0">
  <testcase classname="MagentoTestingBoard.Shopping_Options" name="testSelectLaptopBags" time="18.703">
    <failure message="Test failed due to an exception: Cannot invoke &quot;java.lang.Boolean.booleanValue()&quot; because &quot;value&quot; is null" type="java.lang.AssertionError">
      <![CDATA[java.lang.AssertionError: Test failed due to an exception: Cannot invoke "java.lang.Boolean.booleanValue()" because "value" is null
at org.testng.Assert.fail(Assert.java:87)
at MagentoTestingBoard.Shopping_Options.testSelectLaptopBags(Shopping_Options.java:76)
at java.base/jdk.internal.reflect.NativeMethodAccessorImpl.invoke0(Native Method)
at java.base/jdk.internal.reflect.NativeMethodAccessorImpl.invoke(NativeMethodAccessorImpl.java:77)
at java.base/jdk.internal.reflect.DelegatingMethodAccessorImpl.invoke(DelegatingMethodAccessorImpl.java:43)
at java.base/java.lang.reflect.Method.invoke(Method.java:568)
at org.testng.internal.MethodInvocationHelper.invokeMethod(MethodInvocationHelper.java:133)
at org.testng.internal.TestInvoker.invokeMethod(TestInvoker.java:598)
at org.testng.internal.TestInvoker.invokeTestMethod(TestInvoker.java:173)
at org.testng.internal.MethodRunner.runInSequence(MethodRunner.java:46)
at org.testng.internal.TestInvoker$MethodInvocationAgent.invoke(TestInvoker.java:824)
at org.testng.internal.TestInvoker.invokeTestMethods(TestInvoker.java:146)
at org.testng.internal.TestMethodWorker.invokeTestMethods(TestMethodWorker.java:146)
at org.testng.internal.TestMethodWorker.run(TestMethodWorker.java:128)
at java.base/java.util.ArrayList.forEach(ArrayList.java:1511)
at org.testng.TestRunner.privateRun(TestRunner.java:794)
at org.testng.TestRunner.run(TestRunner.java:596)
at org.testng.SuiteRunner.runTest(SuiteRunner.java:377)
at org.testng.SuiteRunner.runSequentially(SuiteRunner.java:371)
at org.testng.SuiteRunner.privateRun(SuiteRunner.java:332)
at org.testng.SuiteRunner.run(SuiteRunner.java:276)
at org.testng.SuiteRunnerWorker.runSuite(SuiteRunnerWorker.java:53)
at org.testng.SuiteRunnerWorker.run(SuiteRunnerWorker.java:96)
at org.testng.TestNG.runSuitesSequentially(TestNG.java:1212)
at org.testng.TestNG.runSuitesLocally(TestNG.java:1134)
at org.testng.TestNG.runSuites(TestNG.java:1063)
at org.testng.TestNG.run(TestNG.java:1031)
at org.testng.remote.AbstractRemoteTestNG.run(AbstractRemoteTestNG.java:115)
at org.testng.remote.RemoteTestNG.initAndRun(RemoteTestNG.java:293)
at org.testng.remote.RemoteTestNG.main(RemoteTestNG.java:91)
Caused by: java.lang.NullPointerException: Cannot invoke "java.lang.Boolean.booleanValue()" because "value" is null
at org.openqa.selenium.remote.RemoteWebElement.isEnabled(RemoteWebElement.java:184)
at org.openqa.selenium.support.ui.ExpectedConditions$24.apply(ExpectedConditions.java:686)
at org.openqa.selenium.support.ui.ExpectedConditions$24.apply(ExpectedConditions.java:681)
at org.openqa.selenium.support.ui.FluentWait.until(FluentWait.java:205)
at MagentoTestingBoard.Shopping_Options.testSelectLaptopBags(Shopping_Options.java:65)
... 28 more
]]>
    </failure>
  </testcase> <!-- testSelectLaptopBags -->
  <system-out/>
</testsuite> <!-- MagentoTestingBoard.Shopping_Options -->
